<?xml version="1.0" encoding="UTF-8"?>
<!-- Generated by org.testng.reporters.JUnitReportReporter -->
<testsuite hostname="Dell" failures="0" tests="1" name="com.differentvalidations.testcases.TC_01" time="37.230" errors="0" timestamp="2021-06-06T22:18:30 PKT" skipped="0">
  <testcase classname="com.differentvalidations.testcases.TC_01" name="TC1" time="37.230"/>
  <system-out/>
</testsuite> <!-- com.differentvalidations.testcases.TC_01 -->
