<?xml version="1.0" encoding="UTF-8"?>
<!-- Generated by org.testng.reporters.JUnitReportReporter -->
<testsuite hostname="Dell" failures="0" tests="1" name="com.differentvalidations.testcases.TC_02" time="26.692" errors="0" timestamp="2021-06-06T22:18:30 PKT" skipped="0">
  <testcase classname="com.differentvalidations.testcases.TC_02" name="TC2" time="26.692"/>
  <system-out/>
</testsuite> <!-- com.differentvalidations.testcases.TC_02 -->
